
입력한 행렬A의 희소행렬 표현 
row    col    value
===================
0     0     15.000000   
0     3     22.000000   
0     5     -15.000000   
1     1     11.000000   
1     2     3.000000   
2     3     -6.000000   
4     0     91.000000   
5     2     28.000000   

입력한 행렬B의 희소행렬 표현 
row    col    value
===================
0     0     1.000000   
1     1     1.000000   
2     0     3.000000   
3     1     1.000000   
4     0     2.000000   

입력한 행렬B의 전치행렬 표현 
row    col    value
===================
0     0     1.000000   
0     2     3.000000   
0     4     2.000000   
1     1     1.000000   
1     3     1.000000   

계산 결과행렬의 희소행렬 표현 
row    col    value
===================
0     0     15.000000   
0     1     22.000000   
1     0     9.000000   
1     1     11.000000   
2     1     -6.000000   
4     0     91.000000   
5     0     84.000000   

입력한 두 행렬 : 
15.000000  0.000000  0.000000  22.000000  0.000000  -15.000000  
0.000000  11.000000  3.000000  0.000000  0.000000  0.000000  
0.000000  0.000000  0.000000  -6.000000  0.000000  0.000000  
0.000000  0.000000  0.000000  0.000000  0.000000  0.000000  
91.000000  0.000000  0.000000  0.000000  0.000000  0.000000  
0.000000  0.000000  28.000000  0.000000  0.000000  0.000000  

1.000000  0.000000  
0.000000  1.000000  
3.000000  0.000000  
0.000000  1.000000  
2.000000  0.000000  
0.000000  0.000000  

계산 결과 행렬 : 
15.000000  22.000000  
9.000000  11.000000  
0.000000  -6.000000  
0.000000  0.000000  
91.000000  0.000000  
84.000000  0.000000  

